0 info it worked if it ends with ok
1 verbose cli [ 'I:\\Program Files\\nodejs\\node.exe',
1 verbose cli   'I:\\Program Files\\nodejs\\node_modules\\npm\\bin\\npm-cli.js',
1 verbose cli   'install',
1 verbose cli   'mysql' ]
2 info using npm@3.10.10
3 info using node@v6.10.0
4 silly loadCurrentTree Starting
5 silly install loadCurrentTree
6 silly install readLocalPackageData
7 silly fetchPackageMetaData mysql
8 silly fetchNamedPackageData mysql
9 silly mapToRegistry name mysql
10 silly mapToRegistry using default registry
11 silly mapToRegistry registry http://registry.cnpmjs.org/
12 silly mapToRegistry data Result {
12 silly mapToRegistry   raw: 'mysql',
12 silly mapToRegistry   scope: null,
12 silly mapToRegistry   escapedName: 'mysql',
12 silly mapToRegistry   name: 'mysql',
12 silly mapToRegistry   rawSpec: '',
12 silly mapToRegistry   spec: 'latest',
12 silly mapToRegistry   type: 'tag' }
13 silly mapToRegistry uri http://registry.cnpmjs.org/mysql
14 verbose request uri http://registry.cnpmjs.org/mysql
15 verbose request no auth needed
16 info attempt registry request try #1 at 19:24:06
17 verbose request id a3e5025aadb5ad6f
18 http request GET http://registry.cnpmjs.org/mysql
19 http 200 http://registry.cnpmjs.org/mysql
20 verbose headers { server: 'nginx/1.4.6 (Ubuntu)',
20 verbose headers   date: 'Fri, 15 Dec 2017 11:24:06 GMT',
20 verbose headers   'content-type': 'application/json; charset=utf-8',
20 verbose headers   'transfer-encoding': 'chunked',
20 verbose headers   connection: 'keep-alive',
20 verbose headers   'x-current-requests': '1',
20 verbose headers   'x-readtime': '46',
20 verbose headers   'strict-transport-security': 'max-age=15768000',
20 verbose headers   'content-encoding': 'gzip' }
21 silly get cb [ 200,
21 silly get   { server: 'nginx/1.4.6 (Ubuntu)',
21 silly get     date: 'Fri, 15 Dec 2017 11:24:06 GMT',
21 silly get     'content-type': 'application/json; charset=utf-8',
21 silly get     'transfer-encoding': 'chunked',
21 silly get     connection: 'keep-alive',
21 silly get     'x-current-requests': '1',
21 silly get     'x-readtime': '46',
21 silly get     'strict-transport-security': 'max-age=15768000',
21 silly get     'content-encoding': 'gzip' } ]
22 verbose get saving mysql to C:\Users\Admin\AppData\Roaming\npm-cache\registry.cnpmjs.org\mysql\.cache.json
23 verbose correctMkdir C:\Users\Admin\AppData\Roaming\npm-cache correctMkdir not in flight; initializing
24 silly install normalizeTree
25 silly loadCurrentTree Finishing
26 silly loadIdealTree Starting
27 silly install loadIdealTree
28 silly cloneCurrentTree Starting
29 silly install cloneCurrentTreeToIdealTree
30 silly cloneCurrentTree Finishing
31 silly loadShrinkwrap Starting
32 silly install loadShrinkwrap
33 silly loadShrinkwrap Finishing
34 silly loadAllDepsIntoIdealTree Starting
35 silly install loadAllDepsIntoIdealTree
36 silly resolveWithNewModule mysql@2.15.0 checking installable status
37 silly cache add args [ 'mysql', null ]
38 verbose cache add spec mysql
39 silly cache add parsed spec Result {
39 silly cache add   raw: 'mysql',
39 silly cache add   scope: null,
39 silly cache add   escapedName: 'mysql',
39 silly cache add   name: 'mysql',
39 silly cache add   rawSpec: '',
39 silly cache add   spec: 'latest',
39 silly cache add   type: 'tag' }
40 silly addNamed mysql@latest
41 verbose addNamed "latest" is being treated as a dist-tag for mysql
42 info addNameTag [ 'mysql', 'latest' ]
43 silly mapToRegistry name mysql
44 silly mapToRegistry using default registry
45 silly mapToRegistry registry http://registry.cnpmjs.org/
46 silly mapToRegistry data Result {
46 silly mapToRegistry   raw: 'mysql',
46 silly mapToRegistry   scope: null,
46 silly mapToRegistry   escapedName: 'mysql',
46 silly mapToRegistry   name: 'mysql',
46 silly mapToRegistry   rawSpec: '',
46 silly mapToRegistry   spec: 'latest',
46 silly mapToRegistry   type: 'tag' }
47 silly mapToRegistry uri http://registry.cnpmjs.org/mysql
48 verbose addNameTag registry:http://registry.cnpmjs.org/mysql not in flight; fetching
49 verbose get http://registry.cnpmjs.org/mysql not expired, no request
50 silly addNameTag next cb for mysql with tag latest
51 silly addNamed mysql@2.15.0
52 verbose addNamed "2.15.0" is a plain semver version for mysql
53 silly mapToRegistry name mysql
54 silly mapToRegistry using default registry
55 silly mapToRegistry registry http://registry.cnpmjs.org/
56 silly mapToRegistry data Result {
56 silly mapToRegistry   raw: 'mysql',
56 silly mapToRegistry   scope: null,
56 silly mapToRegistry   escapedName: 'mysql',
56 silly mapToRegistry   name: 'mysql',
56 silly mapToRegistry   rawSpec: '',
56 silly mapToRegistry   spec: 'latest',
56 silly mapToRegistry   type: 'tag' }
57 silly mapToRegistry uri http://registry.cnpmjs.org/mysql
58 verbose addRemoteTarball http://r.cnpmjs.org/mysql/download/mysql-2.15.0.tgz not in flight; adding
59 verbose addRemoteTarball [ 'http://r.cnpmjs.org/mysql/download/mysql-2.15.0.tgz',
59 verbose addRemoteTarball   'ea16841156343e8f2e47fc8985ec41cdd9573b5c' ]
60 info retry fetch attempt 1 at 19:24:07
61 info attempt registry request try #1 at 19:24:07
62 http fetch GET http://r.cnpmjs.org/mysql/download/mysql-2.15.0.tgz
63 info retry will retry, error on last attempt: Error: read ECONNRESET
64 info attempt registry request try #2 at 19:24:39
65 http fetch GET http://r.cnpmjs.org/mysql/download/mysql-2.15.0.tgz
66 info retry will retry, error on last attempt: Error: read ECONNRESET
67 info attempt registry request try #3 at 19:25:58
68 http fetch GET http://r.cnpmjs.org/mysql/download/mysql-2.15.0.tgz
69 error fetch failed http://r.cnpmjs.org/mysql/download/mysql-2.15.0.tgz
70 warn retry will retry, error on last attempt: Error: read ECONNRESET
71 info retry fetch attempt 2 at 19:26:28
72 info attempt registry request try #1 at 19:26:28
73 http fetch GET http://r.cnpmjs.org/mysql/download/mysql-2.15.0.tgz
74 info retry will retry, error on last attempt: Error: read ECONNRESET
75 info attempt registry request try #2 at 19:26:58
76 http fetch GET http://r.cnpmjs.org/mysql/download/mysql-2.15.0.tgz
77 info retry will retry, error on last attempt: Error: read ECONNRESET
78 info attempt registry request try #3 at 19:28:18
79 http fetch GET http://r.cnpmjs.org/mysql/download/mysql-2.15.0.tgz
80 error fetch failed http://r.cnpmjs.org/mysql/download/mysql-2.15.0.tgz
81 warn retry will retry, error on last attempt: Error: read ECONNRESET
82 info retry fetch attempt 3 at 19:29:37
83 info attempt registry request try #1 at 19:29:37
84 http fetch GET http://r.cnpmjs.org/mysql/download/mysql-2.15.0.tgz
85 info retry will retry, error on last attempt: Error: read ECONNRESET
86 info attempt registry request try #2 at 19:30:07
87 http fetch GET http://r.cnpmjs.org/mysql/download/mysql-2.15.0.tgz
88 info retry will retry, error on last attempt: Error: read ECONNRESET
89 info attempt registry request try #3 at 19:31:27
90 http fetch GET http://r.cnpmjs.org/mysql/download/mysql-2.15.0.tgz
91 error fetch failed http://r.cnpmjs.org/mysql/download/mysql-2.15.0.tgz
92 silly rollbackFailedOptional Starting
93 silly rollbackFailedOptional Finishing
94 silly runTopLevelLifecycles Finishing
95 silly install printInstalled
96 verbose stack Error: read ECONNRESET
96 verbose stack     at exports._errnoException (util.js:1022:11)
96 verbose stack     at TLSWrap.onread (net.js:569:26)
97 verbose cwd E:\Users\WebApp
98 error Windows_NT 10.0.14393
99 error argv "I:\\Program Files\\nodejs\\node.exe" "I:\\Program Files\\nodejs\\node_modules\\npm\\bin\\npm-cli.js" "install" "mysql"
100 error node v6.10.0
101 error npm  v3.10.10
102 error code ECONNRESET
103 error errno ECONNRESET
104 error syscall read
105 error network read ECONNRESET
106 error network This is most likely not a problem with npm itself
106 error network and is related to network connectivity.
106 error network In most cases you are behind a proxy or have bad network settings.
106 error network
106 error network If you are behind a proxy, please make sure that the
106 error network 'proxy' config is set properly.  See: 'npm help config'
107 verbose exit [ 1, true ]
